2025-04-25 09:46:53,994 - __main__ - INFO - Initializing bot with token: 8187811947...
2025-04-25 09:46:53,994 - __main__ - INFO - Redis host: redis
2025-04-25 09:46:53,995 - __main__ - INFO - Redis port: 6379
2025-04-25 09:46:53,995 - __main__ - INFO - Kafka server: kafka:9092
2025-04-25 09:46:54,000 - __main__ - INFO - Successfully connected to Redis
2025-04-25 09:46:54,031 - __main__ - INFO - Starting bot application
2025-04-25 09:46:54,032 - aiogram.dispatcher - INFO - Start polling
2025-04-25 09:46:54,198 - aiogram.dispatcher - INFO - Run polling for bot @task_misis_bot id=8187811947 - 'task bot misis'
2025-04-25 09:47:12,576 - __main__ - INFO - User 895164426 viewed their tasks
2025-04-25 09:47:12,577 - aiogram.event - INFO - Update id=991745765 is handled. Duration 240 ms by bot id=8187811947
2025-04-25 10:08:57,709 - __main__ - INFO - User 895164426 viewed their tasks
2025-04-25 10:08:57,710 - aiogram.event - INFO - Update id=991745766 is handled. Duration 91 ms by bot id=8187811947
2025-04-25 10:08:58,460 - __main__ - INFO - User 895164426 started creating a new task
2025-04-25 10:08:58,461 - aiogram.event - INFO - Update id=991745767 is handled. Duration 107 ms by bot id=8187811947
2025-04-25 10:09:00,741 - aiogram.event - INFO - Update id=991745768 is handled. Duration 65 ms by bot id=8187811947
2025-04-25 10:09:02,519 - aiogram.event - INFO - Update id=991745769 is handled. Duration 97 ms by bot id=8187811947
2025-04-25 10:09:05,958 - __main__ - INFO - Task created for user 895164426
2025-04-25 10:09:05,959 - aiogram.event - INFO - Update id=991745770 is handled. Duration 123 ms by bot id=8187811947
2025-04-25 10:09:08,760 - __main__ - INFO - User 895164426 started creating a new task
2025-04-25 10:09:08,760 - aiogram.event - INFO - Update id=991745771 is handled. Duration 75 ms by bot id=8187811947
2025-04-25 10:09:10,145 - aiogram.event - INFO - Update id=991745772 is handled. Duration 80 ms by bot id=8187811947
2025-04-25 10:09:11,211 - aiogram.event - INFO - Update id=991745773 is handled. Duration 66 ms by bot id=8187811947
2025-04-25 10:09:13,179 - __main__ - INFO - Task created for user 895164426
2025-04-25 10:09:13,180 - aiogram.event - INFO - Update id=991745774 is handled. Duration 65 ms by bot id=8187811947
2025-04-25 10:13:16,658 - __main__ - INFO - User 6551081473 started the bot
2025-04-25 10:13:16,659 - aiogram.event - INFO - Update id=991745775 is handled. Duration 92 ms by bot id=8187811947
2025-04-25 10:13:18,862 - __main__ - INFO - User 6551081473 started creating a new task
2025-04-25 10:13:18,863 - aiogram.event - INFO - Update id=991745776 is handled. Duration 114 ms by bot id=8187811947
2025-04-25 10:13:21,307 - aiogram.event - INFO - Update id=991745777 is handled. Duration 81 ms by bot id=8187811947
2025-04-25 10:13:23,614 - aiogram.event - INFO - Update id=991745778 is handled. Duration 61 ms by bot id=8187811947
2025-04-25 10:13:28,873 - __main__ - INFO - Task created for user 6551081473
2025-04-25 10:13:28,874 - aiogram.event - INFO - Update id=991745779 is handled. Duration 64 ms by bot id=8187811947
2025-04-25 10:13:31,790 - __main__ - INFO - User 6551081473 viewed their tasks
2025-04-25 10:13:31,791 - aiogram.event - INFO - Update id=991745780 is handled. Duration 69 ms by bot id=8187811947
2025-04-25 10:13:37,156 - __main__ - INFO - User 895164426 viewed their tasks
2025-04-25 10:13:37,157 - aiogram.event - INFO - Update id=991745781 is handled. Duration 76 ms by bot id=8187811947
