2025-04-25 08:03:20,416 - __main__ - INFO - Initializing bot with token: 8187811947...
2025-04-25 08:03:20,417 - __main__ - INFO - Redis host: redis
2025-04-25 08:03:20,417 - __main__ - INFO - Redis port: 6379
2025-04-25 08:03:20,417 - __main__ - INFO - Kafka server: kafka:9092
2025-04-25 08:03:20,422 - __main__ - INFO - Successfully connected to Redis
2025-04-25 08:03:20,453 - __main__ - INFO - Starting bot application
2025-04-25 08:03:20,454 - aiogram.dispatcher - INFO - Start polling
2025-04-25 08:03:20,619 - aiogram.dispatcher - INFO - Run polling for bot @task_misis_bot id=8187811947 - 'task bot misis'
2025-04-25 08:03:20,865 - __main__ - INFO - User 895164426 viewed their tasks
2025-04-25 08:03:20,866 - aiogram.event - INFO - Update id=991745734 is handled. Duration 196 ms by bot id=8187811947
2025-04-25 08:03:38,423 - __main__ - INFO - User 895164426 viewed their tasks
2025-04-25 08:03:38,424 - aiogram.event - INFO - Update id=991745735 is handled. Duration 69 ms by bot id=8187811947
2025-04-25 08:03:44,293 - __main__ - INFO - User 895164426 started creating a new task
2025-04-25 08:03:44,294 - aiogram.event - INFO - Update id=991745736 is handled. Duration 69 ms by bot id=8187811947
2025-04-25 08:03:49,709 - aiogram.event - INFO - Update id=991745737 is handled. Duration 176 ms by bot id=8187811947
2025-04-25 08:03:53,133 - aiogram.event - INFO - Update id=991745738 is handled. Duration 82 ms by bot id=8187811947
2025-04-25 08:03:59,542 - __main__ - INFO - Task created for user 895164426
2025-04-25 08:03:59,542 - aiogram.event - INFO - Update id=991745739 is handled. Duration 86 ms by bot id=8187811947
2025-04-25 08:04:02,809 - __main__ - INFO - User 895164426 viewed their tasks
2025-04-25 08:04:02,809 - aiogram.event - INFO - Update id=991745740 is handled. Duration 105 ms by bot id=8187811947
2025-04-25 08:06:51,543 - __main__ - INFO - Help command used by user 895164426
2025-04-25 08:06:51,544 - aiogram.event - INFO - Update id=991745741 is handled. Duration 67 ms by bot id=8187811947
2025-04-25 08:06:58,816 - __main__ - INFO - User 895164426 started the bot
2025-04-25 08:06:58,816 - aiogram.event - INFO - Update id=991745742 is handled. Duration 122 ms by bot id=8187811947
2025-04-25 08:07:02,999 - __main__ - INFO - User 895164426 viewed their tasks
2025-04-25 08:07:03,000 - aiogram.event - INFO - Update id=991745743 is handled. Duration 72 ms by bot id=8187811947
2025-04-25 08:11:32,824 - aiogram.dispatcher - WARNING - Received SIGTERM signal
2025-04-25 08:11:32,826 - aiogram.dispatcher - INFO - Polling stopped for bot @task_misis_bot id=8187811947 - 'task bot misis'
2025-04-25 08:11:32,827 - aiogram.dispatcher - INFO - Polling stopped
2025-04-25 08:11:33,080 - __main__ - INFO - Application shutdown completed
