2025-04-25 08:14:32,559 - __main__ - INFO - Initializing bot with token: 8187811947...
2025-04-25 08:14:32,560 - __main__ - INFO - Redis host: redis
2025-04-25 08:14:32,560 - __main__ - INFO - Redis port: 6379
2025-04-25 08:14:32,561 - __main__ - INFO - Kafka server: kafka:9092
2025-04-25 08:14:32,564 - __main__ - INFO - Successfully connected to Redis
2025-04-25 08:14:32,593 - __main__ - INFO - Starting bot application
2025-04-25 08:14:32,594 - aiogram.dispatcher - INFO - Start polling
2025-04-25 08:14:32,759 - aiogram.dispatcher - INFO - Run polling for bot @task_misis_bot id=8187811947 - 'task bot misis'
2025-04-25 08:15:23,319 - __main__ - INFO - User 895164426 viewed their tasks
2025-04-25 08:15:23,320 - aiogram.event - INFO - Update id=991745745 is handled. Duration 211 ms by bot id=8187811947
2025-04-25 08:15:25,539 - __main__ - INFO - User 895164426 viewed their tasks
2025-04-25 08:15:25,539 - aiogram.event - INFO - Update id=991745746 is handled. Duration 80 ms by bot id=8187811947
2025-04-25 08:16:22,897 - __main__ - INFO - User 895164426 started creating a new task
2025-04-25 08:16:22,898 - aiogram.event - INFO - Update id=991745747 is handled. Duration 81 ms by bot id=8187811947
2025-04-25 08:16:23,994 - aiogram.event - INFO - Update id=991745748 is handled. Duration 68 ms by bot id=8187811947
2025-04-25 08:16:25,351 - aiogram.event - INFO - Update id=991745749 is handled. Duration 65 ms by bot id=8187811947
2025-04-25 08:16:31,261 - __main__ - INFO - Task created for user 895164426
2025-04-25 08:16:31,262 - aiogram.event - INFO - Update id=991745750 is handled. Duration 81 ms by bot id=8187811947
2025-04-25 08:16:33,666 - __main__ - INFO - User 895164426 viewed their tasks
2025-04-25 08:16:33,666 - aiogram.event - INFO - Update id=991745751 is handled. Duration 70 ms by bot id=8187811947
2025-04-25 08:30:51,762 - aiogram.dispatcher - WARNING - Received SIGTERM signal
2025-04-25 08:30:51,764 - aiogram.dispatcher - INFO - Polling stopped for bot @task_misis_bot id=8187811947 - 'task bot misis'
2025-04-25 08:30:51,765 - aiogram.dispatcher - INFO - Polling stopped
2025-04-25 08:30:52,021 - __main__ - INFO - Application shutdown completed
