2025-04-25 09:29:09,287 - __main__ - INFO - Initializing bot with token: 8187811947...
2025-04-25 09:29:09,287 - __main__ - INFO - Redis host: redis
2025-04-25 09:29:09,288 - __main__ - INFO - Redis port: 6379
2025-04-25 09:29:09,288 - __main__ - INFO - Kafka server: kafka:9092
2025-04-25 09:29:09,292 - __main__ - INFO - Successfully connected to Redis
2025-04-25 09:29:09,322 - __main__ - INFO - Starting bot application
2025-04-25 09:29:09,323 - aiogram.dispatcher - INFO - Start polling
2025-04-25 09:29:09,487 - aiogram.dispatcher - INFO - Run polling for bot @task_misis_bot id=8187811947 - 'task bot misis'
2025-04-25 09:40:12,393 - __main__ - INFO - User 895164426 viewed their tasks
2025-04-25 09:40:12,394 - aiogram.event - INFO - Update id=991745759 is handled. Duration 209 ms by bot id=8187811947
2025-04-25 09:40:16,895 - __main__ - INFO - User 895164426 started creating a new task
2025-04-25 09:40:16,895 - aiogram.event - INFO - Update id=991745760 is handled. Duration 207 ms by bot id=8187811947
2025-04-25 09:40:19,484 - aiogram.event - INFO - Update id=991745761 is handled. Duration 75 ms by bot id=8187811947
2025-04-25 09:40:21,218 - aiogram.event - INFO - Update id=991745762 is handled. Duration 76 ms by bot id=8187811947
2025-04-25 09:40:25,701 - aiogram.event - INFO - Update id=991745763 is handled. Duration 178 ms by bot id=8187811947
2025-04-25 09:40:34,014 - __main__ - INFO - Task created for user 895164426
2025-04-25 09:40:34,014 - aiogram.event - INFO - Update id=991745764 is handled. Duration 72 ms by bot id=8187811947
2025-04-25 09:41:23,079 - aiogram.dispatcher - WARNING - Received SIGTERM signal
2025-04-25 09:41:23,080 - aiogram.dispatcher - INFO - Polling stopped for bot @task_misis_bot id=8187811947 - 'task bot misis'
2025-04-25 09:41:23,081 - aiogram.dispatcher - INFO - Polling stopped
